<?xml version="1.0" encoding="UTF-8"?>
<coverage generated="1546033946712" clover="3.2.0">
  <project timestamp="1546033946712" name="All files">
    <metrics statements="28" coveredstatements="28" conditionals="8" coveredconditionals="4" methods="10" coveredmethods="10" elements="46" coveredelements="42" complexity="0" loc="28" ncloc="28" packages="1" files="2" classes="2">
      <file name="inc.js" path="C:\Users\Abourassa\Code\modules\incrementJSON\src\inc.js">
        <metrics statements="14" coveredstatements="14" conditionals="4" coveredconditionals="2" methods="5" coveredmethods="5"/>
        <line num="1" count="1" type="stmt"/>
        <line num="4" count="1" type="stmt"/>
        <line num="5" count="1" type="stmt"/>
        <line num="10" count="1" type="stmt"/>
        <line num="11" count="1" type="stmt"/>
        <line num="12" count="1" type="cond" truecount="1" falsecount="1"/>
        <line num="13" count="1" type="stmt"/>
        <line num="14" count="1" type="stmt"/>
        <line num="15" count="1" type="stmt"/>
        <line num="16" count="1" type="stmt"/>
        <line num="17" count="1" type="cond" truecount="1" falsecount="1"/>
        <line num="20" count="1" type="stmt"/>
        <line num="21" count="1" type="stmt"/>
        <line num="24" count="1" type="stmt"/>
      </file>
      <file name="sub.js" path="C:\Users\Abourassa\Code\modules\incrementJSON\src\sub.js">
        <metrics statements="14" coveredstatements="14" conditionals="4" coveredconditionals="2" methods="5" coveredmethods="5"/>
        <line num="1" count="1" type="stmt"/>
        <line num="4" count="1" type="stmt"/>
        <line num="5" count="1" type="stmt"/>
        <line num="10" count="1" type="stmt"/>
        <line num="11" count="1" type="stmt"/>
        <line num="12" count="1" type="cond" truecount="1" falsecount="1"/>
        <line num="13" count="1" type="stmt"/>
        <line num="14" count="1" type="stmt"/>
        <line num="15" count="1" type="stmt"/>
        <line num="16" count="1" type="stmt"/>
        <line num="17" count="1" type="cond" truecount="1" falsecount="1"/>
        <line num="20" count="1" type="stmt"/>
        <line num="21" count="1" type="stmt"/>
        <line num="24" count="1" type="stmt"/>
      </file>
    </metrics>
  </project>
</coverage>
