TN:
SF:C:\Users\Abourassa\Code\modules\incrementJSON\src\inc.js
FN:3,sleep
FN:4,(anonymous_1)
FN:9,incProp
FN:11,(anonymous_3)
FN:16,(anonymous_4)
FNF:5
FNH:5
FNDA:1,sleep
FNDA:1,(anonymous_1)
FNDA:1,incProp
FNDA:1,(anonymous_3)
FNDA:1,(anonymous_4)
DA:1,1
DA:4,1
DA:5,1
DA:10,1
DA:11,1
DA:12,1
DA:13,1
DA:14,1
DA:15,1
DA:16,1
DA:17,1
DA:20,1
DA:21,1
DA:24,1
LF:14
LH:14
BRDA:12,0,0,0
BRDA:12,0,1,1
BRDA:17,1,0,0
BRDA:17,1,1,1
BRF:4
BRH:2
end_of_record
TN:
SF:C:\Users\Abourassa\Code\modules\incrementJSON\src\sub.js
FN:3,sleep
FN:4,(anonymous_1)
FN:9,subProp
FN:11,(anonymous_3)
FN:16,(anonymous_4)
FNF:5
FNH:5
FNDA:1,sleep
FNDA:1,(anonymous_1)
FNDA:1,subProp
FNDA:1,(anonymous_3)
FNDA:1,(anonymous_4)
DA:1,1
DA:4,1
DA:5,1
DA:10,1
DA:11,1
DA:12,1
DA:13,1
DA:14,1
DA:15,1
DA:16,1
DA:17,1
DA:20,1
DA:21,1
DA:24,1
LF:14
LH:14
BRDA:12,0,0,0
BRDA:12,0,1,1
BRDA:17,1,0,0
BRDA:17,1,1,1
BRF:4
BRH:2
end_of_record
